
2019-08-15 12:17:19,770 - INFO - --- Start Deploying the model on data/dslf/test/icme1, distance 4 ---
2019-08-15 12:17:19,770 - INFO - Weight used: weights/deploy_weights/epoch002-batch_size1-08.13.2019_13-37-44_distance16-lr0.0005.pytorch
2019-08-15 12:17:19,770 - INFO - Interpolating and writing output images to outputs/output_deploy_dslf
2019-08-15 12:17:22,612 - INFO - Round #1, number of images to interpolate: 48
2019-08-15 12:17:38,790 - INFO - Round #2, number of images to interpolate: 96
2019-08-15 12:18:08,307 - INFO - Evaluating the results...
2019-08-15 12:18:43,725 - INFO - Min PSNR: 41.77. Mean PSNR in YCBCR: 46.84
2019-08-15 12:18:43,733 - INFO - Total number of interpolated images: 144 
2019-08-15 12:18:43,733 - INFO - Time to interpolate data/dslf/test/icme1: 48.54s
2019-08-15 12:18:43,733 - INFO - --- Done ---
2019-08-15 12:19:06,438 - INFO - --- Start Deploying the model on data/dslf/test/icme1, distance 8 ---
2019-08-15 12:19:06,438 - INFO - Weight used: weights/deploy_weights/epoch002-batch_size1-08.13.2019_13-37-44_distance16-lr0.0005.pytorch
2019-08-15 12:19:06,438 - INFO - Interpolating and writing output images to outputs/output_deploy_dslf
2019-08-15 12:19:09,000 - INFO - Round #1, number of images to interpolate: 24
2019-08-15 12:19:17,234 - INFO - Round #2, number of images to interpolate: 48
2019-08-15 12:19:31,505 - INFO - Round #3, number of images to interpolate: 96
2019-08-15 12:19:59,747 - INFO - Evaluating the results...
2019-08-15 12:20:31,461 - INFO - Min PSNR: 40.93. Mean PSNR in YCBCR: 45.88
2019-08-15 12:20:31,461 - INFO - Total number of interpolated images: 168 
2019-08-15 12:20:31,461 - INFO - Time to interpolate data/dslf/test/icme1: 53.31s
2019-08-15 12:20:31,461 - INFO - --- Done ---
2019-08-15 12:20:44,748 - INFO - --- Start Deploying the model on data/dslf/test/icme1, distance 16 ---
2019-08-15 12:20:44,748 - INFO - Weight used: weights/deploy_weights/epoch002-batch_size1-08.13.2019_13-37-44_distance16-lr0.0005.pytorch
2019-08-15 12:20:44,749 - INFO - Interpolating and writing output images to outputs/output_deploy_dslf
2019-08-15 12:20:47,336 - INFO - Round #1, number of images to interpolate: 12
2019-08-15 12:20:52,228 - INFO - Round #2, number of images to interpolate: 24
2019-08-15 12:20:59,626 - INFO - Round #3, number of images to interpolate: 48
2019-08-15 12:21:13,937 - INFO - Round #4, number of images to interpolate: 96
2019-08-15 12:21:42,485 - INFO - Evaluating the results...
2019-08-15 12:22:14,169 - INFO - Min PSNR: 39.64. Mean PSNR in YCBCR: 44.27
2019-08-15 12:22:14,170 - INFO - Total number of interpolated images: 180 
2019-08-15 12:22:14,170 - INFO - Time to interpolate data/dslf/test/icme1: 57.74s
2019-08-15 12:22:14,170 - INFO - --- Done ---
2019-08-15 13:48:17,645 - INFO - --- Start Deploying the model on data/dslf/test/icme2, distance 64 ---
2019-08-15 13:48:17,645 - INFO - Weight used: weights/deploy_weights/epoch002-batch_size1-08.13.2019_13-37-44_distance16-lr0.0005.pytorch
2019-08-15 13:48:17,645 - INFO - Interpolating and writing output images to outputs/output_deploy_dslf
2019-08-15 13:48:20,195 - INFO - Round #1, number of images to interpolate: 3
2019-08-15 13:48:22,059 - INFO - Round #2, number of images to interpolate: 6
2019-08-15 13:48:23,755 - INFO - Round #3, number of images to interpolate: 12
2019-08-15 13:48:27,120 - INFO - Round #4, number of images to interpolate: 24
2019-08-15 13:48:33,849 - INFO - Round #5, number of images to interpolate: 48
2019-08-15 13:48:47,346 - INFO - Round #6, number of images to interpolate: 96
2019-08-15 13:49:14,348 - INFO - Evaluating the results...
2019-08-15 13:49:44,322 - INFO - Min PSNR: 27.72. Mean PSNR in YCBCR: 31.72
2019-08-15 13:49:44,322 - INFO - Total number of interpolated images: 189 
2019-08-15 13:49:44,322 - INFO - Time to interpolate data/dslf/test/icme2: 56.70s
2019-08-15 13:49:44,322 - INFO - --- Done ---
